#
# There is insufficient memory for the Java Runtime Environment to continue.
# Native memory allocation (mmap) failed to map 85983232 bytes. Error detail: G1 virtual space
# Possible reasons:
#   The system is out of physical RAM or swap space
#   This process is running with CompressedOops enabled, and the Java Heap may be blocking the growth of the native heap
# Possible solutions:
#   Reduce memory load on the system
#   Increase physical memory or swap space
#   Check if swap backing store is full
#   Decrease Java heap size (-Xmx/-Xms)
#   Decrease number of Java threads
#   Decrease Java thread stack sizes (-Xss)
#   Set larger code cache with -XX:ReservedCodeCacheSize=
#   JVM is running with Zero Based Compressed Oops mode in which the Java heap is
#     placed in the first 32GB address space. The Java Heap base address is the
#     maximum limit for the native heap growth. Please use -XX:HeapBaseMinAddress
#     to set the Java Heap base and to place the Java Heap above 32GB virtual address.
# This output file may be truncated or incomplete.
#
#  Out of Memory Error (os_windows.cpp:3925), pid=24260, tid=3476
#
# JRE version: OpenJDK Runtime Environment (21.0.8) (build 21.0.8+-14196175-b1038.72)
# Java VM: OpenJDK 64-Bit Server VM (21.0.8+-14196175-b1038.72, mixed mode, tiered, compressed oops, compressed class ptrs, g1 gc, windows-amd64)
# No core dump will be written. Minidumps are not enabled by default on client versions of Windows
#

---------------  S U M M A R Y ------------

Command Line: org.jetbrains.kotlin.cli.jvm.K2JVMCompiler @D:\CupsizePlayer\app\build\20260228_15314314262767925045.compiler.options

Host: AMD Ryzen 5 3600 6-Core Processor              , 12 cores, 15G,  Windows 11 , 64 bit Build 26100 (10.0.26100.7705)
Time: Sat Feb 28 20:30:55 2026 elapsed time: 13.005774 seconds (0d 0h 0m 13s)

---------------  T H R E A D  ---------------

Current thread (0x000001661a3b1bf0):  VMThread "VM Thread"          [id=3476, stack(0x0000004677d00000,0x0000004677e00000) (1024K)]

Stack: [0x0000004677d00000,0x0000004677e00000]
Native frames: (J=compiled Java code, j=interpreted, Vv=VM code, C=native code)
V  [jvm.dll+0x6d68d9]
V  [jvm.dll+0x866693]
V  [jvm.dll+0x868c4e]
V  [jvm.dll+0x869333]
V  [jvm.dll+0x280566]
V  [jvm.dll+0x6d3195]
V  [jvm.dll+0x6c69ea]
V  [jvm.dll+0x3586db]
V  [jvm.dll+0x360336]
V  [jvm.dll+0x3b23f6]
V  [jvm.dll+0x3b26c8]
V  [jvm.dll+0x32ae6c]
V  [jvm.dll+0x32aef7]
V  [jvm.dll+0x370d3c]
V  [jvm.dll+0x36f4ee]
V  [jvm.dll+0x32a5c1]
V  [jvm.dll+0x36ebf0]
V  [jvm.dll+0x86f0b8]
V  [jvm.dll+0x870434]
V  [jvm.dll+0x870970]
V  [jvm.dll+0x870c03]
V  [jvm.dll+0x80eac8]
V  [jvm.dll+0x6d512d]
C  [ucrtbase.dll+0x37b0]
C  [KERNEL32.DLL+0x2e8d7]
C  [ntdll.dll+0x8c40c]

VM_Operation (0x00000046776f1e50): G1CollectForAllocation, mode: safepoint, requested by thread 0x000001667daae9f0


---------------  P R O C E S S  ---------------

Threads class SMR info:
_java_thread_list=0x00000166215bd6d0, length=13, elements={
0x000001667daae9f0, 0x000001661a3feca0, 0x000001661a405fe0, 0x000001661a430660,
0x000001661a43a5c0, 0x000001661a41ba00, 0x000001661a41db40, 0x000001661a3ff700,
0x000001661a4018f0, 0x000001661a441b00, 0x000001661a5e70a0, 0x000001661fc07b00,
0x0000016622829440
}

Java Threads: ( => current thread )
  0x000001667daae9f0 JavaThread "main"                              [_thread_blocked, id=24480, stack(0x0000004677600000,0x0000004677700000) (1024K)]
  0x000001661a3feca0 JavaThread "Common-Cleaner"             daemon [_thread_blocked, id=20316, stack(0x0000004677e00000,0x0000004677f00000) (1024K)]
  0x000001661a405fe0 JavaThread "Reference Handler"          daemon [_thread_blocked, id=23596, stack(0x0000004677f00000,0x0000004678000000) (1024K)]
  0x000001661a430660 JavaThread "Finalizer"                  daemon [_thread_blocked, id=20204, stack(0x0000004678000000,0x0000004678100000) (1024K)]
  0x000001661a43a5c0 JavaThread "Signal Dispatcher"          daemon [_thread_blocked, id=18200, stack(0x0000004678100000,0x0000004678200000) (1024K)]
  0x000001661a41ba00 JavaThread "Attach Listener"            daemon [_thread_blocked, id=20800, stack(0x0000004678200000,0x0000004678300000) (1024K)]
  0x000001661a41db40 JavaThread "Service Thread"             daemon [_thread_blocked, id=2580, stack(0x0000004678300000,0x0000004678400000) (1024K)]
  0x000001661a3ff700 JavaThread "Monitor Deflation Thread"   daemon [_thread_blocked, id=20588, stack(0x0000004678400000,0x0000004678500000) (1024K)]
  0x000001661a4018f0 JavaThread "C2 CompilerThread0"         daemon [_thread_blocked, id=7992, stack(0x0000004678500000,0x0000004678600000) (1024K)]
  0x000001661a441b00 JavaThread "C1 CompilerThread0"         daemon [_thread_blocked, id=3800, stack(0x0000004678600000,0x0000004678700000) (1024K)]
  0x000001661a5e70a0 JavaThread "Notification Thread"        daemon [_thread_blocked, id=10548, stack(0x0000004678700000,0x0000004678800000) (1024K)]
  0x000001661fc07b00 JavaThread "C2 CompilerThread1"         daemon [_thread_blocked, id=22296, stack(0x0000004679300000,0x0000004679400000) (1024K)]
  0x0000016622829440 JavaThread "C2 CompilerThread2"         daemon [_thread_blocked, id=24544, stack(0x0000004679400000,0x0000004679500000) (1024K)]
Total: 13

Other Threads:
=>0x000001661a3b1bf0 VMThread "VM Thread"                           [id=3476, stack(0x0000004677d00000,0x0000004677e00000) (1024K)]
  0x000001661a1e9b50 WatcherThread "VM Periodic Task Thread"        [id=3868, stack(0x0000004677c00000,0x0000004677d00000) (1024K)]
  0x000001667de6dd70 WorkerThread "GC Thread#0"                     [id=17212, stack(0x0000004677700000,0x0000004677800000) (1024K)]
  0x000001661ad5c9b0 WorkerThread "GC Thread#1"                     [id=13528, stack(0x0000004678800000,0x0000004678900000) (1024K)]
  0x000001661ad5cd50 WorkerThread "GC Thread#2"                     [id=5856, stack(0x0000004678900000,0x0000004678a00000) (1024K)]
  0x000001661ad5d0f0 WorkerThread "GC Thread#3"                     [id=12676, stack(0x0000004678a00000,0x0000004678b00000) (1024K)]
  0x000001661ad5d490 WorkerThread "GC Thread#4"                     [id=17908, stack(0x0000004678b00000,0x0000004678c00000) (1024K)]
  0x000001661ad5d830 WorkerThread "GC Thread#5"                     [id=24316, stack(0x0000004678c00000,0x0000004678d00000) (1024K)]
  0x000001661aec90a0 WorkerThread "GC Thread#6"                     [id=19780, stack(0x0000004678d00000,0x0000004678e00000) (1024K)]
  0x000001661f5428a0 WorkerThread "GC Thread#7"                     [id=7696, stack(0x0000004679000000,0x0000004679100000) (1024K)]
  0x000001661f542c40 WorkerThread "GC Thread#8"                     [id=8920, stack(0x0000004679100000,0x0000004679200000) (1024K)]
  0x000001661f542fe0 WorkerThread "GC Thread#9"                     [id=19044, stack(0x0000004679200000,0x0000004679300000) (1024K)]
  0x000001667de7eb30 ConcurrentGCThread "G1 Main Marker"            [id=23296, stack(0x0000004677800000,0x0000004677900000) (1024K)]
  0x000001667de80150 WorkerThread "G1 Conc#0"                       [id=8280, stack(0x0000004677900000,0x0000004677a00000) (1024K)]
  0x000001661aec97e0 WorkerThread "G1 Conc#1"                       [id=8360, stack(0x0000004678e00000,0x0000004678f00000) (1024K)]
  0x000001661aec9b80 WorkerThread "G1 Conc#2"                       [id=21388, stack(0x0000004678f00000,0x0000004679000000) (1024K)]
  0x000001667dece400 ConcurrentGCThread "G1 Refine#0"               [id=1708, stack(0x0000004677a00000,0x0000004677b00000) (1024K)]
  0x000001661a0a6350 ConcurrentGCThread "G1 Service"                [id=21676, stack(0x0000004677b00000,0x0000004677c00000) (1024K)]
Total: 18

Threads with active compile tasks:
C2 CompilerThread0  13115 8785       4       org.jetbrains.kotlin.types.AbstractTypeChecker::checkSubtypeForSpecialCases (789 bytes)
C1 CompilerThread0  13115 8801       3       org.jetbrains.kotlin.fir.declarations.impl.FirReceiverParameterImpl::transformChildren (10 bytes)
C2 CompilerThread1  13115 8775       4       org.jetbrains.org.objectweb.asm.ClassReader::readParameterAnnotations (106 bytes)
C2 CompilerThread2  13115 8798       4       org.jetbrains.kotlin.fir.types.ConeTypeContext::fastCorrespondingSupertypes (53 bytes)
Total: 4

VM state: at safepoint (normal execution)

VM Mutex/Monitor currently owned by a thread:  ([mutex/lock_event])
[0x00007ff8523f85b8] Threads_lock - owner thread: 0x000001661a3b1bf0
[0x00007ff8523f86b8] Heap_lock - owner thread: 0x000001667daae9f0

Heap address: 0x0000000701200000, size: 4078 MB, Compressed Oops mode: Zero based, Oop shift amount: 3

CDS archive(s) not mapped
Compressed class space mapped at: 0x0000000800000000-0x0000000840000000, reserved size: 1073741824
Narrow klass base: 0x0000000800000000, Narrow klass shift: 0, Narrow klass range: 0x40000000

GC Precious Log:
 CardTable entry size: 512
 Card Set container configuration: InlinePtr #cards 4 size 8 Array Of Cards #cards 16 size 48 Howl #buckets 8 coarsen threshold 3686 Howl Bitmap #cards 512 size 80 coarsen threshold 460 Card regions per heap region 1 cards per card region 4096
 CPUs: 12 total, 12 available
 Memory: 16307M
 Large Page Support: Disabled
 NUMA Support: Disabled
 Compressed Oops: Enabled (Zero based)
 Heap Region Size: 2M
 Heap Min Capacity: 8M
 Heap Initial Capacity: 256M
 Heap Max Capacity: 4078M
 Pre-touch: Disabled
 Parallel Workers: 10
 Concurrent Workers: 3
 Concurrent Refinement Workers: 10
 Periodic GC: Disabled

Heap:
 garbage-first heap   total 184320K, used 119386K [0x0000000701200000, 0x0000000800000000)
  region size 2048K, 3 young (6144K), 3 survivors (6144K)
 Metaspace       used 62301K, committed 62592K, reserved 1114112K
  class space    used 7166K, committed 7296K, reserved 1048576K

Heap Regions: E=young(eden), S=young(survivor), O=old, HS=humongous(starts), HC=humongous(continues), CS=collection set, F=free, TAMS=top-at-mark-start, PB=parsable bottom
|   0|0x0000000701200000, 0x0000000701400000, 0x0000000701400000|100%|HS|  |TAMS 0x0000000701200000| PB 0x0000000701200000| Complete 
|   1|0x0000000701400000, 0x0000000701600000, 0x0000000701600000|100%|HC|  |TAMS 0x0000000701400000| PB 0x0000000701400000| Complete 
|   2|0x0000000701600000, 0x0000000701800000, 0x0000000701800000|100%| O|  |TAMS 0x0000000701600000| PB 0x0000000701600000| Untracked 
|   3|0x0000000701800000, 0x0000000701a00000, 0x0000000701a00000|100%| O|  |TAMS 0x0000000701800000| PB 0x0000000701800000| Untracked 
|   4|0x0000000701a00000, 0x0000000701c00000, 0x0000000701c00000|100%| O|  |TAMS 0x0000000701a00000| PB 0x0000000701a00000| Untracked 
|   5|0x0000000701c00000, 0x0000000701e00000, 0x0000000701e00000|100%| O|  |TAMS 0x0000000701c00000| PB 0x0000000701c00000| Untracked 
|   6|0x0000000701e00000, 0x0000000702000000, 0x0000000702000000|100%| O|  |TAMS 0x0000000701e00000| PB 0x0000000701e00000| Untracked 
|   7|0x0000000702000000, 0x0000000702200000, 0x0000000702200000|100%| O|  |TAMS 0x0000000702000000| PB 0x0000000702000000| Untracked 
|   8|0x0000000702200000, 0x0000000702400000, 0x0000000702400000|100%| O|  |TAMS 0x0000000702200000| PB 0x0000000702200000| Untracked 
|   9|0x0000000702400000, 0x0000000702600000, 0x0000000702600000|100%| O|  |TAMS 0x0000000702400000| PB 0x0000000702400000| Untracked 
|  10|0x0000000702600000, 0x0000000702800000, 0x0000000702800000|100%| O|  |TAMS 0x0000000702600000| PB 0x0000000702600000| Untracked 
|  11|0x0000000702800000, 0x0000000702a00000, 0x0000000702a00000|100%| O|  |TAMS 0x0000000702800000| PB 0x0000000702800000| Untracked 
|  12|0x0000000702a00000, 0x0000000702c00000, 0x0000000702c00000|100%| O|  |TAMS 0x0000000702a00000| PB 0x0000000702a00000| Untracked 
|  13|0x0000000702c00000, 0x0000000702e00000, 0x0000000702e00000|100%| O|  |TAMS 0x0000000702c00000| PB 0x0000000702c00000| Untracked 
|  14|0x0000000702e00000, 0x0000000703000000, 0x0000000703000000|100%| O|  |TAMS 0x0000000702e00000| PB 0x0000000702e00000| Untracked 
|  15|0x0000000703000000, 0x0000000703200000, 0x0000000703200000|100%| O|  |TAMS 0x0000000703000000| PB 0x0000000703000000| Untracked 
|  16|0x0000000703200000, 0x0000000703400000, 0x0000000703400000|100%| O|  |TAMS 0x0000000703200000| PB 0x0000000703200000| Untracked 
|  17|0x0000000703400000, 0x0000000703600000, 0x0000000703600000|100%| O|  |TAMS 0x0000000703400000| PB 0x0000000703400000| Untracked 
|  18|0x0000000703600000, 0x0000000703800000, 0x0000000703800000|100%| O|  |TAMS 0x0000000703600000| PB 0x0000000703600000| Untracked 
|  19|0x0000000703800000, 0x0000000703a00000, 0x0000000703a00000|100%| O|  |TAMS 0x0000000703800000| PB 0x0000000703800000| Untracked 
|  20|0x0000000703a00000, 0x0000000703c00000, 0x0000000703c00000|100%| O|  |TAMS 0x0000000703a00000| PB 0x0000000703a00000| Untracked 
|  21|0x0000000703c00000, 0x0000000703e00000, 0x0000000703e00000|100%| O|  |TAMS 0x0000000703c00000| PB 0x0000000703c00000| Untracked 
|  22|0x0000000703e00000, 0x0000000704000000, 0x0000000704000000|100%| O|  |TAMS 0x0000000703e00000| PB 0x0000000703e00000| Untracked 
|  23|0x0000000704000000, 0x0000000704200000, 0x0000000704200000|100%| O|  |TAMS 0x0000000704000000| PB 0x0000000704000000| Untracked 
|  24|0x0000000704200000, 0x0000000704400000, 0x0000000704400000|100%| O|  |TAMS 0x0000000704200000| PB 0x0000000704200000| Untracked 
|  25|0x0000000704400000, 0x0000000704600000, 0x0000000704600000|100%| O|  |TAMS 0x0000000704400000| PB 0x0000000704400000| Untracked 
|  26|0x0000000704600000, 0x0000000704800000, 0x0000000704800000|100%| O|  |TAMS 0x0000000704600000| PB 0x0000000704600000| Untracked 
|  27|0x0000000704800000, 0x0000000704a00000, 0x0000000704a00000|100%| O|  |TAMS 0x0000000704800000| PB 0x0000000704800000| Untracked 
|  28|0x0000000704a00000, 0x0000000704c00000, 0x0000000704c00000|100%| O|  |TAMS 0x0000000704a00000| PB 0x0000000704a00000| Untracked 
|  29|0x0000000704c00000, 0x0000000704e00000, 0x0000000704e00000|100%| O|  |TAMS 0x0000000704c00000| PB 0x0000000704c00000| Untracked 
|  30|0x0000000704e00000, 0x0000000705000000, 0x0000000705000000|100%| O|  |TAMS 0x0000000704e00000| PB 0x0000000704e00000| Untracked 
|  31|0x0000000705000000, 0x0000000705200000, 0x0000000705200000|100%| O|  |TAMS 0x0000000705000000| PB 0x0000000705000000| Untracked 
|  32|0x0000000705200000, 0x0000000705400000, 0x0000000705400000|100%| O|  |TAMS 0x0000000705200000| PB 0x0000000705200000| Untracked 
|  33|0x0000000705400000, 0x0000000705400000, 0x0000000705600000|  0%| F|  |TAMS 0x0000000705400000| PB 0x0000000705400000| Untracked 
|  34|0x0000000705600000, 0x0000000705800000, 0x0000000705800000|100%| O|  |TAMS 0x0000000705600000| PB 0x0000000705600000| Untracked 
|  35|0x0000000705800000, 0x0000000705a00000, 0x0000000705a00000|100%| O|  |TAMS 0x0000000705800000| PB 0x0000000705800000| Untracked 
|  36|0x0000000705a00000, 0x0000000705c00000, 0x0000000705c00000|100%| O|  |TAMS 0x0000000705a00000| PB 0x0000000705a00000| Untracked 
|  37|0x0000000705c00000, 0x0000000705e00000, 0x0000000705e00000|100%| O|  |TAMS 0x0000000705c00000| PB 0x0000000705c00000| Untracked 
|  38|0x0000000705e00000, 0x0000000705e00000, 0x0000000706000000|  0%| F|  |TAMS 0x0000000705e00000| PB 0x0000000705e00000| Untracked 
|  39|0x0000000706000000, 0x0000000706200000, 0x0000000706200000|100%| O|  |TAMS 0x0000000706000000| PB 0x0000000706000000| Untracked 
|  40|0x0000000706200000, 0x0000000706400000, 0x0000000706400000|100%| O|  |TAMS 0x0000000706200000| PB 0x0000000706200000| Untracked 
|  41|0x0000000706400000, 0x0000000706600000, 0x0000000706600000|100%| O|  |TAMS 0x0000000706400000| PB 0x0000000706400000| Untracked 
|  42|0x0000000706600000, 0x0000000706800000, 0x0000000706800000|100%| O|  |TAMS 0x0000000706600000| PB 0x0000000706600000| Untracked 
|  43|0x0000000706800000, 0x0000000706a00000, 0x0000000706a00000|100%| O|  |TAMS 0x0000000706800000| PB 0x0000000706800000| Untracked 
|  44|0x0000000706a00000, 0x0000000706c00000, 0x0000000706c00000|100%| O|  |TAMS 0x0000000706a00000| PB 0x0000000706a00000| Untracked 
|  45|0x0000000706c00000, 0x0000000706e00000, 0x0000000706e00000|100%| O|  |TAMS 0x0000000706c00000| PB 0x0000000706c00000| Untracked 
|  46|0x0000000706e00000, 0x0000000707000000, 0x0000000707000000|100%| O|  |TAMS 0x0000000706e00000| PB 0x0000000706e00000| Untracked 
|  47|0x0000000707000000, 0x0000000707200000, 0x0000000707200000|100%| O|  |TAMS 0x0000000707000000| PB 0x0000000707000000| Untracked 
|  48|0x0000000707200000, 0x0000000707400000, 0x0000000707400000|100%| O|  |TAMS 0x0000000707200000| PB 0x0000000707200000| Untracked 
|  49|0x0000000707400000, 0x0000000707600000, 0x0000000707600000|100%| O|  |TAMS 0x0000000707400000| PB 0x0000000707400000| Untracked 
|  50|0x0000000707600000, 0x0000000707800000, 0x0000000707800000|100%| O|  |TAMS 0x0000000707600000| PB 0x0000000707600000| Untracked 
|  51|0x0000000707800000, 0x0000000707a00000, 0x0000000707a00000|100%| O|  |TAMS 0x0000000707800000| PB 0x0000000707800000| Untracked 
|  52|0x0000000707a00000, 0x0000000707c00000, 0x0000000707c00000|100%| O|  |TAMS 0x0000000707a00000| PB 0x0000000707a00000| Untracked 
|  53|0x0000000707c00000, 0x0000000707e00000, 0x0000000707e00000|100%| O|  |TAMS 0x0000000707c00000| PB 0x0000000707c00000| Untracked 
|  54|0x0000000707e00000, 0x0000000708000000, 0x0000000708000000|100%| O|  |TAMS 0x0000000707e00000| PB 0x0000000707e00000| Untracked 
|  55|0x0000000708000000, 0x0000000708200000, 0x0000000708200000|100%| O|  |TAMS 0x0000000708000000| PB 0x0000000708000000| Untracked 
|  56|0x0000000708200000, 0x000000070825cda8, 0x0000000708400000| 18%| O|  |TAMS 0x0000000708200000| PB 0x0000000708200000| Untracked 
|  57|0x0000000708400000, 0x0000000708400000, 0x0000000708600000|  0%| F|  |TAMS 0x0000000708400000| PB 0x0000000708400000| Untracked 
|  58|0x0000000708600000, 0x0000000708600000, 0x0000000708800000|  0%| F|  |TAMS 0x0000000708600000| PB 0x0000000708600000| Untracked 
|  59|0x0000000708800000, 0x0000000708800000, 0x0000000708a00000|  0%| F|  |TAMS 0x0000000708800000| PB 0x0000000708800000| Untracked 
|  60|0x0000000708a00000, 0x0000000708a00000, 0x0000000708c00000|  0%| F|  |TAMS 0x0000000708a00000| PB 0x0000000708a00000| Untracked 
|  61|0x0000000708c00000, 0x0000000708c00000, 0x0000000708e00000|  0%| F|  |TAMS 0x0000000708c00000| PB 0x0000000708c00000| Untracked 
|  62|0x0000000708e00000, 0x0000000708e39c18, 0x0000000709000000| 11%| S|CS|TAMS 0x0000000708e00000| PB 0x0000000708e00000| Complete 
|  63|0x0000000709000000, 0x0000000709200000, 0x0000000709200000|100%| S|CS|TAMS 0x0000000709000000| PB 0x0000000709000000| Complete 
|  64|0x0000000709200000, 0x0000000709400000, 0x0000000709400000|100%| S|CS|TAMS 0x0000000709200000| PB 0x0000000709200000| Complete 
|  65|0x0000000709400000, 0x0000000709400000, 0x0000000709600000|  0%| F|  |TAMS 0x0000000709400000| PB 0x0000000709400000| Untracked 
|  66|0x0000000709600000, 0x0000000709600000, 0x0000000709800000|  0%| F|  |TAMS 0x0000000709600000| PB 0x0000000709600000| Untracked 
|  67|0x0000000709800000, 0x0000000709800000, 0x0000000709a00000|  0%| F|  |TAMS 0x0000000709800000| PB 0x0000000709800000| Untracked 
|  68|0x0000000709a00000, 0x0000000709a00000, 0x0000000709c00000|  0%| F|  |TAMS 0x0000000709a00000| PB 0x0000000709a00000| Untracked 
|  69|0x0000000709c00000, 0x0000000709c00000, 0x0000000709e00000|  0%| F|  |TAMS 0x0000000709c00000| PB 0x0000000709c00000| Untracked 
|  70|0x0000000709e00000, 0x0000000709e00000, 0x000000070a000000|  0%| F|  |TAMS 0x0000000709e00000| PB 0x0000000709e00000| Untracked 
|  71|0x000000070a000000, 0x000000070a000000, 0x000000070a200000|  0%| F|  |TAMS 0x000000070a000000| PB 0x000000070a000000| Untracked 
|  72|0x000000070a200000, 0x000000070a200000, 0x000000070a400000|  0%| F|  |TAMS 0x000000070a200000| PB 0x000000070a200000| Untracked 
|  73|0x000000070a400000, 0x000000070a400000, 0x000000070a600000|  0%| F|  |TAMS 0x000000070a400000| PB 0x000000070a400000| Untracked 
|  74|0x000000070a600000, 0x000000070a600000, 0x000000070a800000|  0%| F|  |TAMS 0x000000070a600000| PB 0x000000070a600000| Untracked 
|  75|0x000000070a800000, 0x000000070a800000, 0x000000070aa00000|  0%| F|  |TAMS 0x000000070a800000| PB 0x000000070a800000| Untracked 
|  76|0x000000070aa00000, 0x000000070aa00000, 0x000000070ac00000|  0%| F|  |TAMS 0x000000070aa00000| PB 0x000000070aa00000| Untracked 
|  77|0x000000070ac00000, 0x000000070ac00000, 0x000000070ae00000|  0%| F|  |TAMS 0x000000070ac00000| PB 0x000000070ac00000| Untracked 
|  78|0x000000070ae00000, 0x000000070ae00000, 0x000000070b000000|  0%| F|  |TAMS 0x000000070ae00000| PB 0x000000070ae00000| Untracked 
|  79|0x000000070b000000, 0x000000070b000000, 0x000000070b200000|  0%| F|  |TAMS 0x000000070b000000| PB 0x000000070b000000| Untracked 
|  80|0x000000070b200000, 0x000000070b200000, 0x000000070b400000|  0%| F|  |TAMS 0x000000070b200000| PB 0x000000070b200000| Untracked 
|  81|0x000000070b400000, 0x000000070b400000, 0x000000070b600000|  0%| F|  |TAMS 0x000000070b400000| PB 0x000000070b400000| Untracked 
|  82|0x000000070b600000, 0x000000070b600000, 0x000000070b800000|  0%| F|  |TAMS 0x000000070b600000| PB 0x000000070b600000| Untracked 
|  83|0x000000070b800000, 0x000000070b800000, 0x000000070ba00000|  0%| F|  |TAMS 0x000000070b800000| PB 0x000000070b800000| Untracked 
|  84|0x000000070ba00000, 0x000000070ba00000, 0x000000070bc00000|  0%| F|  |TAMS 0x000000070ba00000| PB 0x000000070ba00000| Untracked 
|  85|0x000000070bc00000, 0x000000070bc00000, 0x000000070be00000|  0%| F|  |TAMS 0x000000070bc00000| PB 0x000000070bc00000| Untracked 
| 127|0x0000000711000000, 0x0000000711000000, 0x0000000711200000|  0%| F|  |TAMS 0x0000000711000000| PB 0x0000000711000000| Untracked 
|2036|0x00000007ffa00000, 0x00000007ffc00000, 0x00000007ffc00000|100%| O|  |TAMS 0x00000007ffa00000| PB 0x00000007ffa00000| Untracked 
|2037|0x00000007ffc00000, 0x00000007ffc00000, 0x00000007ffe00000|  0%| F|  |TAMS 0x00000007ffc00000| PB 0x00000007ffc00000| Untracked 
|2038|0x00000007ffe00000, 0x0000000800000000, 0x0000000800000000|100%| O|  |TAMS 0x00000007ffe00000| PB 0x00000007ffe00000| Untracked 

Card table byte_map: [0x0000016612de0000,0x00000166135e0000] _byte_map_base: 0x000001660f5d7000

Marking Bits: (CMBitMap*) 0x000001667de6e380
 Bits: [0x00000166135e0000, 0x0000016617598000)

Polling page: 0x000001667e200000

Metaspace:

Usage:
  Non-class:     53.84 MB used.
      Class:      7.00 MB used.
       Both:     60.84 MB used.

Virtual space:
  Non-class space:       64.00 MB reserved,      54.00 MB ( 84%) committed,  1 nodes.
      Class space:        1.00 GB reserved,       7.12 MB ( <1%) committed,  1 nodes.
             Both:        1.06 GB reserved,      61.12 MB (  6%) committed. 

Chunk freelists:
   Non-Class:  10.03 MB
       Class:  8.89 MB
        Both:  18.92 MB

MaxMetaspaceSize: unlimited
CompressedClassSpaceSize: 1.00 GB
Initial GC threshold: 21.00 MB
Current GC threshold: 100.94 MB
CDS: off
 - commit_granule_bytes: 65536.
 - commit_granule_words: 8192.
 - virtual_space_node_default_size: 8388608.
 - enlarge_chunks_in_place: 1.
 - use_allocation_guard: 0.


Internal statistics:

num_allocs_failed_limit: 3.
num_arena_births: 290.
num_arena_deaths: 0.
num_vsnodes_births: 2.
num_vsnodes_deaths: 0.
num_space_committed: 976.
num_space_uncommitted: 0.
num_chunks_returned_to_freelist: 3.
num_chunks_taken_from_freelist: 2153.
num_chunk_merges: 3.
num_chunk_splits: 1793.
num_chunks_enlarged: 1640.
num_inconsistent_stats: 0.

CodeHeap 'non-profiled nmethods': size=120000Kb used=5265Kb max_used=5265Kb free=114734Kb
 bounds [0x000001660ab60000, 0x000001660b090000, 0x0000016612090000]
CodeHeap 'profiled nmethods': size=120000Kb used=23408Kb max_used=23408Kb free=96591Kb
 bounds [0x0000016603090000, 0x0000016604780000, 0x000001660a5c0000]
CodeHeap 'non-nmethods': size=5760Kb used=1637Kb max_used=1700Kb free=4122Kb
 bounds [0x000001660a5c0000, 0x000001660a830000, 0x000001660ab60000]
CodeCache: size=245760Kb, used=30310Kb, max_used=30373Kb, free=215447Kb
 total_blobs=8214, nmethods=7531, adapters=586, full_count=0
Compilation: enabled, stopped_count=0, restarted_count=0

Compilation events (20 events):
Event: 11.804 Thread 0x000001661a441b00 8794       3       org.jetbrains.kotlin.fir.expressions.FirExpressionUtilKt::transformStatementsIndexed (244 bytes)
Event: 11.805 Thread 0x0000016622829440 8795       4       org.jetbrains.kotlin.fir.types.ConeTypeContext::isNothingConstructor (38 bytes)
Event: 11.806 Thread 0x000001661a441b00 nmethod 8794 0x000001660476e010 code [0x000001660476e6c0, 0x0000016604772610]
Event: 11.806 Thread 0x000001661a441b00 8790       3       org.jetbrains.kotlin.fir.resolve.dfa.FirDataFlowAnalyzer::enterBlock (26 bytes)
Event: 11.807 Thread 0x000001661a441b00 nmethod 8790 0x0000016604773910 code [0x0000016604773b80, 0x0000016604774438]
Event: 11.807 Thread 0x000001661a441b00 8791       3       org.jetbrains.kotlin.fir.resolve.dfa.cfg.ControlFlowGraphBuilder::enterBlock (32 bytes)
Event: 11.807 Thread 0x000001661a441b00 nmethod 8791 0x0000016604774810 code [0x0000016604774a60, 0x0000016604775130]
Event: 11.807 Thread 0x000001661a441b00 8792       3       org.jetbrains.kotlin.fir.resolve.dfa.cfg.ControlFlowGraphNodeBuilderKt::createBlockEnterNode (30 bytes)
Event: 11.808 Thread 0x0000016622829440 nmethod 8795 0x000001660b083490 code [0x000001660b083660, 0x000001660b083b70]
Event: 11.808 Thread 0x000001661a441b00 nmethod 8792 0x0000016604775410 code [0x0000016604775840, 0x0000016604777378]
Event: 11.808 Thread 0x000001661a441b00 8793       3       org.jetbrains.kotlin.fir.resolve.dfa.cfg.BlockEnterNode::<init> (25 bytes)
Event: 11.809 Thread 0x000001661a441b00 nmethod 8793 0x0000016604777d90 code [0x0000016604778040, 0x0000016604778b98]
Event: 11.809 Thread 0x000001661a441b00 8796       1       org.jetbrains.kotlin.fir.references.builder.FirImplicitThisReferenceBuilder::setBoundSymbol (6 bytes)
Event: 11.809 Thread 0x000001661a441b00 nmethod 8796 0x000001660b083e90 code [0x000001660b084020, 0x000001660b084138]
Event: 11.809 Thread 0x0000016622829440 8797       4       org.jetbrains.kotlin.util.capitalizeDecapitalize.CapitalizeDecapitalizeKt::isUpperCaseCharAt (39 bytes)
Event: 11.811 Thread 0x0000016622829440 nmethod 8797 0x000001660b084190 code [0x000001660b084340, 0x000001660b0844d8]
Event: 11.811 Thread 0x0000016622829440 8798       4       org.jetbrains.kotlin.fir.types.ConeTypeContext::fastCorrespondingSupertypes (53 bytes)
Event: 11.817 Thread 0x000001661a441b00 8800       3       org.jetbrains.kotlin.fir.visitors.FirTransformer::transformReceiverParameter (20 bytes)
Event: 11.817 Thread 0x000001661a441b00 nmethod 8800 0x0000016604779010 code [0x0000016604779240, 0x00000166047799d8]
Event: 11.817 Thread 0x000001661a441b00 8801       3       org.jetbrains.kotlin.fir.declarations.impl.FirReceiverParameterImpl::transformChildren (10 bytes)

GC Heap History (20 events):
Event: 7.384 GC heap after
{Heap after GC invocations=14 (full 0):
 garbage-first heap   total 102400K, used 48646K [0x0000000701200000, 0x0000000800000000)
  region size 2048K, 4 young (8192K), 4 survivors (8192K)
 Metaspace       used 53317K, committed 53568K, reserved 1114112K
  class space    used 6311K, committed 6464K, reserved 1048576K
}
Event: 7.847 GC heap before
{Heap before GC invocations=14 (full 0):
 garbage-first heap   total 102400K, used 81414K [0x0000000701200000, 0x0000000800000000)
  region size 2048K, 20 young (40960K), 4 survivors (8192K)
 Metaspace       used 56391K, committed 56640K, reserved 1114112K
  class space    used 6669K, committed 6784K, reserved 1048576K
}
Event: 7.864 GC heap after
{Heap after GC invocations=15 (full 0):
 garbage-first heap   total 102400K, used 56314K [0x0000000701200000, 0x0000000800000000)
  region size 2048K, 3 young (6144K), 3 survivors (6144K)
 Metaspace       used 56391K, committed 56640K, reserved 1114112K
  class space    used 6669K, committed 6784K, reserved 1048576K
}
Event: 8.059 GC heap before
{Heap before GC invocations=15 (full 0):
 garbage-first heap   total 102400K, used 82938K [0x0000000701200000, 0x0000000800000000)
  region size 2048K, 16 young (32768K), 3 survivors (6144K)
 Metaspace       used 57571K, committed 57856K, reserved 1114112K
  class space    used 6783K, committed 6912K, reserved 1048576K
}
Event: 8.072 GC heap after
{Heap after GC invocations=16 (full 0):
 garbage-first heap   total 102400K, used 64400K [0x0000000701200000, 0x0000000800000000)
  region size 2048K, 2 young (4096K), 2 survivors (4096K)
 Metaspace       used 57571K, committed 57856K, reserved 1114112K
  class space    used 6783K, committed 6912K, reserved 1048576K
}
Event: 8.519 GC heap before
{Heap before GC invocations=17 (full 0):
 garbage-first heap   total 110592K, used 84880K [0x0000000701200000, 0x0000000800000000)
  region size 2048K, 12 young (24576K), 2 survivors (4096K)
 Metaspace       used 59324K, committed 59648K, reserved 1114112K
  class space    used 7013K, committed 7168K, reserved 1048576K
}
Event: 8.529 GC heap after
{Heap after GC invocations=18 (full 0):
 garbage-first heap   total 110592K, used 69216K [0x0000000701200000, 0x0000000800000000)
  region size 2048K, 2 young (4096K), 2 survivors (4096K)
 Metaspace       used 59324K, committed 59648K, reserved 1114112K
  class space    used 7013K, committed 7168K, reserved 1048576K
}
Event: 8.974 GC heap before
{Heap before GC invocations=18 (full 0):
 garbage-first heap   total 110592K, used 93792K [0x0000000701200000, 0x0000000800000000)
  region size 2048K, 14 young (28672K), 2 survivors (4096K)
 Metaspace       used 60448K, committed 60736K, reserved 1114112K
  class space    used 7086K, committed 7232K, reserved 1048576K
}
Event: 8.988 GC heap after
{Heap after GC invocations=19 (full 0):
 garbage-first heap   total 153600K, used 72700K [0x0000000701200000, 0x0000000800000000)
  region size 2048K, 2 young (4096K), 2 survivors (4096K)
 Metaspace       used 60448K, committed 60736K, reserved 1114112K
  class space    used 7086K, committed 7232K, reserved 1048576K
}
Event: 10.079 GC heap before
{Heap before GC invocations=19 (full 0):
 garbage-first heap   total 153600K, used 123900K [0x0000000701200000, 0x0000000800000000)
  region size 2048K, 27 young (55296K), 2 survivors (4096K)
 Metaspace       used 61512K, committed 61824K, reserved 1114112K
  class space    used 7145K, committed 7296K, reserved 1048576K
}
Event: 10.093 GC heap after
{Heap after GC invocations=20 (full 0):
 garbage-first heap   total 153600K, used 83918K [0x0000000701200000, 0x0000000800000000)
  region size 2048K, 4 young (8192K), 4 survivors (8192K)
 Metaspace       used 61512K, committed 61824K, reserved 1114112K
  class space    used 7145K, committed 7296K, reserved 1048576K
}
Event: 10.533 GC heap before
{Heap before GC invocations=21 (full 0):
 garbage-first heap   total 153600K, used 128974K [0x0000000701200000, 0x0000000800000000)
  region size 2048K, 26 young (53248K), 4 survivors (8192K)
 Metaspace       used 61672K, committed 62016K, reserved 1114112K
  class space    used 7149K, committed 7296K, reserved 1048576K
}
Event: 10.545 GC heap after
{Heap after GC invocations=22 (full 0):
 garbage-first heap   total 153600K, used 94117K [0x0000000701200000, 0x0000000800000000)
  region size 2048K, 4 young (8192K), 4 survivors (8192K)
 Metaspace       used 61672K, committed 62016K, reserved 1114112K
  class space    used 7149K, committed 7296K, reserved 1048576K
}
Event: 10.609 GC heap before
{Heap before GC invocations=22 (full 0):
 garbage-first heap   total 153600K, used 130981K [0x0000000701200000, 0x0000000800000000)
  region size 2048K, 22 young (45056K), 4 survivors (8192K)
 Metaspace       used 61672K, committed 62016K, reserved 1114112K
  class space    used 7149K, committed 7296K, reserved 1048576K
}
Event: 10.618 GC heap after
{Heap after GC invocations=23 (full 0):
 garbage-first heap   total 153600K, used 101933K [0x0000000701200000, 0x0000000800000000)
  region size 2048K, 3 young (6144K), 3 survivors (6144K)
 Metaspace       used 61672K, committed 62016K, reserved 1114112K
  class space    used 7149K, committed 7296K, reserved 1048576K
}
Event: 10.686 GC heap before
{Heap before GC invocations=23 (full 0):
 garbage-first heap   total 153600K, used 132653K [0x0000000701200000, 0x0000000800000000)
  region size 2048K, 18 young (36864K), 3 survivors (6144K)
 Metaspace       used 61672K, committed 62016K, reserved 1114112K
  class space    used 7149K, committed 7296K, reserved 1048576K
}
Event: 10.692 GC heap after
{Heap after GC invocations=24 (full 0):
 garbage-first heap   total 153600K, used 110115K [0x0000000701200000, 0x0000000800000000)
  region size 2048K, 3 young (6144K), 3 survivors (6144K)
 Metaspace       used 61672K, committed 62016K, reserved 1114112K
  class space    used 7149K, committed 7296K, reserved 1048576K
}
Event: 11.128 GC heap before
{Heap before GC invocations=25 (full 0):
 garbage-first heap   total 184320K, used 136739K [0x0000000701200000, 0x0000000800000000)
  region size 2048K, 16 young (32768K), 3 survivors (6144K)
 Metaspace       used 61918K, committed 62208K, reserved 1114112K
  class space    used 7156K, committed 7296K, reserved 1048576K
}
Event: 11.134 GC heap after
{Heap after GC invocations=26 (full 0):
 garbage-first heap   total 184320K, used 116365K [0x0000000701200000, 0x0000000800000000)
  region size 2048K, 2 young (4096K), 2 survivors (4096K)
 Metaspace       used 61918K, committed 62208K, reserved 1114112K
  class space    used 7156K, committed 7296K, reserved 1048576K
}
Event: 11.818 GC heap before
{Heap before GC invocations=26 (full 0):
 garbage-first heap   total 184320K, used 159373K [0x0000000701200000, 0x0000000800000000)
  region size 2048K, 23 young (47104K), 2 survivors (4096K)
 Metaspace       used 62301K, committed 62592K, reserved 1114112K
  class space    used 7166K, committed 7296K, reserved 1048576K
}

Dll operation events (3 events):
Event: 0.009 Loaded shared library D:\Android Studio\jbr\bin\java.dll
Event: 0.029 Loaded shared library D:\Android Studio\jbr\bin\zip.dll
Event: 3.260 Loaded shared library D:\Android Studio\jbr\bin\verify.dll

Deoptimization events (20 events):
Event: 11.444 Thread 0x000001667daae9f0 Uncommon trap: trap_request=0xffffffde fr.pc=0x000001660ae1c8f8 relative=0x0000000000001778
Event: 11.445 Thread 0x000001667daae9f0 Uncommon trap: reason=class_check action=maybe_recompile pc=0x000001660ae1c8f8 method=org.jetbrains.org.objectweb.asm.ClassReader.readElementValue(Lorg/jetbrains/org/objectweb/asm/AnnotationVisitor;ILjava/lang/String;[C)I @ 466 c2
Event: 11.445 Thread 0x000001667daae9f0 DEOPT PACKING pc=0x000001660ae1c8f8 sp=0x00000046776f2820
Event: 11.445 Thread 0x000001667daae9f0 DEOPT UNPACKING pc=0x000001660a6146a2 sp=0x00000046776f2790 mode 2
Event: 11.634 Thread 0x000001667daae9f0 Uncommon trap: trap_request=0xffffffde fr.pc=0x000001660ae1c934 relative=0x00000000000017b4
Event: 11.634 Thread 0x000001667daae9f0 Uncommon trap: reason=class_check action=maybe_recompile pc=0x000001660ae1c934 method=org.jetbrains.org.objectweb.asm.ClassReader.readElementValue(Lorg/jetbrains/org/objectweb/asm/AnnotationVisitor;ILjava/lang/String;[C)I @ 536 c2
Event: 11.634 Thread 0x000001667daae9f0 DEOPT PACKING pc=0x000001660ae1c934 sp=0x00000046776f6ab0
Event: 11.634 Thread 0x000001667daae9f0 DEOPT UNPACKING pc=0x000001660a6146a2 sp=0x00000046776f6a20 mode 2
Event: 11.634 Thread 0x000001667daae9f0 Uncommon trap: trap_request=0xffffff45 fr.pc=0x000001660af94968 relative=0x0000000000000128
Event: 11.634 Thread 0x000001667daae9f0 Uncommon trap: reason=unstable_if action=reinterpret pc=0x000001660af94968 method=org.jetbrains.kotlin.load.kotlin.FileBasedKotlinClass$3.visit(Ljava/lang/String;Ljava/lang/Object;)V @ 25 c2
Event: 11.634 Thread 0x000001667daae9f0 DEOPT PACKING pc=0x000001660af94968 sp=0x00000046776f6a10
Event: 11.634 Thread 0x000001667daae9f0 DEOPT UNPACKING pc=0x000001660a6146a2 sp=0x00000046776f69b8 mode 2
Event: 11.683 Thread 0x000001667daae9f0 Uncommon trap: trap_request=0xffffffc6 fr.pc=0x000001660acf1960 relative=0x0000000000000400
Event: 11.683 Thread 0x000001667daae9f0 Uncommon trap: reason=bimorphic_or_optimized_type_check action=maybe_recompile pc=0x000001660acf1960 method=java.util.concurrent.ConcurrentHashMap.get(Ljava/lang/Object;)Ljava/lang/Object; @ 149 c2
Event: 11.683 Thread 0x000001667daae9f0 DEOPT PACKING pc=0x000001660acf1960 sp=0x00000046776f51c0
Event: 11.684 Thread 0x000001667daae9f0 DEOPT UNPACKING pc=0x000001660a6146a2 sp=0x00000046776f5150 mode 2
Event: 11.722 Thread 0x000001667daae9f0 Uncommon trap: trap_request=0xffffffc6 fr.pc=0x000001660acf1960 relative=0x0000000000000400
Event: 11.722 Thread 0x000001667daae9f0 Uncommon trap: reason=bimorphic_or_optimized_type_check action=maybe_recompile pc=0x000001660acf1960 method=java.util.concurrent.ConcurrentHashMap.get(Ljava/lang/Object;)Ljava/lang/Object; @ 149 c2
Event: 11.722 Thread 0x000001667daae9f0 DEOPT PACKING pc=0x000001660acf1960 sp=0x00000046776f25e0
Event: 11.722 Thread 0x000001667daae9f0 DEOPT UNPACKING pc=0x000001660a6146a2 sp=0x00000046776f2570 mode 2

Classes loaded (20 events):
Event: 6.842 Loading class java/util/Collections$SynchronizedCollection done
Event: 6.842 Loading class java/util/Collections$SynchronizedSet done
Event: 6.935 Loading class java/util/EnumMap$EntrySet
Event: 6.935 Loading class java/util/EnumMap$EntrySet done
Event: 6.935 Loading class java/util/EnumMap$EntryIterator
Event: 6.935 Loading class java/util/EnumMap$EnumMapIterator
Event: 6.935 Loading class java/util/EnumMap$EnumMapIterator done
Event: 6.935 Loading class java/util/EnumMap$EntryIterator done
Event: 6.935 Loading class java/util/EnumMap$EntryIterator$Entry
Event: 6.935 Loading class java/util/EnumMap$EntryIterator$Entry done
Event: 7.636 Loading class java/security/CodeSigner
Event: 7.636 Loading class java/security/CodeSigner done
Event: 7.910 Loading class java/util/AbstractList$RandomAccessSubList
Event: 7.910 Loading class java/util/AbstractList$RandomAccessSubList done
Event: 8.350 Loading class java/lang/Byte$ByteCache
Event: 8.350 Loading class java/lang/Byte$ByteCache done
Event: 8.390 Loading class java/util/RegularEnumSet$EnumSetIterator
Event: 8.390 Loading class java/util/RegularEnumSet$EnumSetIterator done
Event: 9.430 Loading class java/lang/Short$ShortCache
Event: 9.430 Loading class java/lang/Short$ShortCache done

Classes unloaded (0 events):
No events

Classes redefined (0 events):
No events

Internal exceptions (20 events):
Event: 6.838 Thread 0x000001667daae9f0 Exception <a 'java/lang/NoSuchMethodError'{0x000000070456e120}: 'java.lang.Object java.lang.invoke.DirectMethodHandle$Holder.newInvokeSpecial(java.lang.Object, java.lang.Object, java.lang.Object, java.lang.Object, int)'> (0x000000070456e120) 
thrown [s\src\hotspot\share\interpreter\linkResolver.cpp, line 784]
Event: 6.839 Thread 0x000001667daae9f0 Exception <a 'java/lang/NoSuchMethodError'{0x0000000704572568}: 'java.lang.Object java.lang.invoke.DirectMethodHandle$Holder.invokeSpecial(java.lang.Object, java.lang.Object, java.lang.Object, java.lang.Object, java.lang.Object, int)'> (0x0000000704572568) 
thrown [s\src\hotspot\share\interpreter\linkResolver.cpp, line 784]
Event: 6.840 Thread 0x000001667daae9f0 Exception <a 'java/lang/NoSuchMethodError'{0x00000007045762a8}: 'java.lang.Object java.lang.invoke.Invokers$Holder.linkToTargetMethod(java.lang.Object, java.lang.Object, java.lang.Object, int, java.lang.Object)'> (0x00000007045762a8) 
thrown [s\src\hotspot\share\interpreter\linkResolver.cpp, line 784]
Event: 7.008 Thread 0x000001667daae9f0 Implicit null exception at 0x000001660ad141c2 to 0x000001660ad14448
Event: 7.702 Thread 0x000001667daae9f0 Exception <a 'java/lang/NoSuchMethodError'{0x00000007057208e0}: 'java.lang.Object java.lang.invoke.DirectMethodHandle$Holder.newInvokeSpecial(java.lang.Object, java.lang.Object, java.lang.Object, int)'> (0x00000007057208e0) 
thrown [s\src\hotspot\share\interpreter\linkResolver.cpp, line 784]
Event: 7.703 Thread 0x000001667daae9f0 Exception <a 'java/lang/NoSuchMethodError'{0x0000000705724a20}: 'java.lang.Object java.lang.invoke.DirectMethodHandle$Holder.invokeSpecial(java.lang.Object, java.lang.Object, java.lang.Object, java.lang.Object, int)'> (0x0000000705724a20) 
thrown [s\src\hotspot\share\interpreter\linkResolver.cpp, line 784]
Event: 7.703 Thread 0x000001667daae9f0 Exception <a 'java/lang/NoSuchMethodError'{0x0000000705728178}: 'java.lang.Object java.lang.invoke.Invokers$Holder.linkToTargetMethod(java.lang.Object, java.lang.Object, int, java.lang.Object)'> (0x0000000705728178) 
thrown [s\src\hotspot\share\interpreter\linkResolver.cpp, line 784]
Event: 7.731 Thread 0x000001667daae9f0 Exception <a 'java/lang/NoSuchMethodError'{0x000000070540a9d8}: 'java.lang.Object java.lang.invoke.DirectMethodHandle$Holder.newInvokeSpecial(java.lang.Object, int, java.lang.Object)'> (0x000000070540a9d8) 
thrown [s\src\hotspot\share\interpreter\linkResolver.cpp, line 784]
Event: 7.748 Thread 0x000001667daae9f0 Exception <a 'java/lang/NoSuchMethodError'{0x00000007054d8d88}: 'java.lang.Object java.lang.invoke.DirectMethodHandle$Holder.newInvokeSpecial(java.lang.Object, java.lang.Object, java.lang.Object, java.lang.Object, int, java.lang.Object, java.lang.Object)'> (0x00000007054d8d88) 
thrown [s\src\hotspot\share\interpreter\linkResolver.cpp, line 784]
Event: 7.748 Thread 0x000001667daae9f0 Exception <a 'java/lang/NoSuchMethodError'{0x00000007054e0f68}: 'java.lang.Object java.lang.invoke.Invokers$Holder.linkToTargetMethod(java.lang.Object, java.lang.Object, java.lang.Object, int, java.lang.Object, java.lang.Object, java.lang.Object)'> (0x00000007054e0f68) 
thrown [s\src\hotspot\share\interpreter\linkResolver.cpp, line 784]
Event: 8.149 Thread 0x000001667daae9f0 Exception <a 'java/lang/NoSuchMethodError'{0x000000070756f118}: 'java.lang.Object java.lang.invoke.DirectMethodHandle$Holder.newInvokeSpecial(java.lang.Object, java.lang.Object, java.lang.Object, java.lang.Object, java.lang.Object, java.lang.Object, java.lang.Object, java.lang.Object, java.lang.Object)'> (0x000000070756f118) 
thrown [s\src\hotspot\share\interpreter\linkResolver.cpp, line 784]
Event: 8.190 Thread 0x000001667daae9f0 Exception <a 'java/lang/NoSuchMethodError'{0x000000070734fb98}: 'java.lang.Object java.lang.invoke.DirectMethodHandle$Holder.newInvokeSpecial(java.lang.Object, int, java.lang.Object, java.lang.Object, java.lang.Object)'> (0x000000070734fb98) 
thrown [s\src\hotspot\share\interpreter\linkResolver.cpp, line 784]
Event: 8.191 Thread 0x000001667daae9f0 Exception <a 'java/lang/NoSuchMethodError'{0x00000007073574f8}: 'java.lang.Object java.lang.invoke.Invokers$Holder.linkToTargetMethod(int, java.lang.Object, java.lang.Object, java.lang.Object, java.lang.Object)'> (0x00000007073574f8) 
thrown [s\src\hotspot\share\interpreter\linkResolver.cpp, line 784]
Event: 8.204 Thread 0x000001667daae9f0 Exception <a 'java/lang/NoSuchMethodError'{0x00000007073e82b0}: 'java.lang.Object java.lang.invoke.DirectMethodHandle$Holder.invokeStatic(java.lang.Object, java.lang.Object, java.lang.Object, int, java.lang.Object, java.lang.Object)'> (0x00000007073e82b0) 
thrown [s\src\hotspot\share\interpreter\linkResolver.cpp, line 784]
Event: 8.213 Thread 0x000001667daae9f0 Exception <a 'java/lang/NoSuchMethodError'{0x000000070706adf0}: 'java.lang.Object java.lang.invoke.DirectMethodHandle$Holder.newInvokeSpecial(java.lang.Object, java.lang.Object, java.lang.Object, java.lang.Object, java.lang.Object, int)'> (0x000000070706adf0) 
thrown [s\src\hotspot\share\interpreter\linkResolver.cpp, line 784]
Event: 8.213 Thread 0x000001667daae9f0 Exception <a 'java/lang/NoSuchMethodError'{0x000000070706f568}: 'java.lang.Object java.lang.invoke.DirectMethodHandle$Holder.invokeSpecial(java.lang.Object, java.lang.Object, java.lang.Object, java.lang.Object, java.lang.Object, java.lang.Object, int)'> (0x000000070706f568) 
thrown [s\src\hotspot\share\interpreter\linkResolver.cpp, line 784]
Event: 8.213 Thread 0x000001667daae9f0 Exception <a 'java/lang/NoSuchMethodError'{0x0000000707073650}: 'java.lang.Object java.lang.invoke.Invokers$Holder.linkToTargetMethod(java.lang.Object, java.lang.Object, java.lang.Object, java.lang.Object, int, java.lang.Object)'> (0x0000000707073650) 
thrown [s\src\hotspot\share\interpreter\linkResolver.cpp, line 784]
Event: 8.307 Thread 0x000001667daae9f0 Exception <a 'java/lang/NoSuchMethodError'{0x0000000706c797a8}: 'java.lang.Object java.lang.invoke.DirectMethodHandle$Holder.invokeSpecial(java.lang.Object, java.lang.Object, int, java.lang.Object, java.lang.Object)'> (0x0000000706c797a8) 
thrown [s\src\hotspot\share\interpreter\linkResolver.cpp, line 784]
Event: 8.307 Thread 0x000001667daae9f0 Exception <a 'java/lang/NoSuchMethodError'{0x0000000706c7d720}: 'java.lang.Object java.lang.invoke.Invokers$Holder.linkToTargetMethod(int, java.lang.Object, java.lang.Object, java.lang.Object)'> (0x0000000706c7d720) 
thrown [s\src\hotspot\share\interpreter\linkResolver.cpp, line 784]
Event: 8.319 Thread 0x000001667daae9f0 Exception <a 'java/lang/NoSuchMethodError'{0x0000000706cda198}: 'java.lang.Object java.lang.invoke.DirectMethodHandle$Holder.invokeStatic(java.lang.Object, int, java.lang.Object, java.lang.Object)'> (0x0000000706cda198) 
thrown [s\src\hotspot\share\interpreter\linkResolver.cpp, line 784]

ZGC Phase Switch (0 events):
No events

VM Operations (20 events):
Event: 10.692 Executing VM operation: G1CollectForAllocation (G1 Evacuation Pause) done
Event: 10.736 Executing VM operation: HandshakeAllThreads (Deoptimize)
Event: 10.737 Executing VM operation: HandshakeAllThreads (Deoptimize) done
Event: 10.740 Executing VM operation: G1PauseRemark
Event: 10.748 Executing VM operation: G1PauseRemark done
Event: 10.764 Executing VM operation: HandshakeAllThreads (Deoptimize)
Event: 10.765 Executing VM operation: HandshakeAllThreads (Deoptimize) done
Event: 10.768 Executing VM operation: HandshakeAllThreads (Deoptimize)
Event: 10.768 Executing VM operation: HandshakeAllThreads (Deoptimize) done
Event: 10.777 Executing VM operation: G1PauseCleanup
Event: 10.777 Executing VM operation: G1PauseCleanup done
Event: 11.000 Executing VM operation: ICBufferFull
Event: 11.000 Executing VM operation: ICBufferFull done
Event: 11.128 Executing VM operation: G1CollectForAllocation (G1 Evacuation Pause)
Event: 11.134 Executing VM operation: G1CollectForAllocation (G1 Evacuation Pause) done
Event: 11.402 Executing VM operation: ICBufferFull
Event: 11.402 Executing VM operation: ICBufferFull done
Event: 11.797 Executing VM operation: ICBufferFull
Event: 11.797 Executing VM operation: ICBufferFull done
Event: 11.818 Executing VM operation: G1CollectForAllocation (G1 Evacuation Pause)

Memory protections (0 events):
No events

Nmethod flushes (20 events):
Event: 10.747 Thread 0x000001661a3b1bf0 flushing  nmethod 0x0000016603bc7b90
Event: 10.747 Thread 0x000001661a3b1bf0 flushing  nmethod 0x0000016603bc9d90
Event: 10.747 Thread 0x000001661a3b1bf0 flushing  nmethod 0x0000016603bef910
Event: 10.747 Thread 0x000001661a3b1bf0 flushing  nmethod 0x0000016603bf7490
Event: 10.747 Thread 0x000001661a3b1bf0 flushing  nmethod 0x0000016603bfbc10
Event: 10.747 Thread 0x000001661a3b1bf0 flushing  nmethod 0x0000016603c30290
Event: 10.747 Thread 0x000001661a3b1bf0 flushing  nmethod 0x0000016603d16f90
Event: 10.747 Thread 0x000001661a3b1bf0 flushing  nmethod 0x0000016603d2c210
Event: 10.747 Thread 0x000001661a3b1bf0 flushing  nmethod 0x0000016603d47f10
Event: 10.747 Thread 0x000001661a3b1bf0 flushing  nmethod 0x0000016603dd8190
Event: 10.747 Thread 0x000001661a3b1bf0 flushing  nmethod 0x0000016603ddb390
Event: 10.747 Thread 0x000001661a3b1bf0 flushing  nmethod 0x0000016603e0a490
Event: 10.747 Thread 0x000001661a3b1bf0 flushing  nmethod 0x0000016603e14790
Event: 10.747 Thread 0x000001661a3b1bf0 flushing  nmethod 0x0000016603e1af90
Event: 10.747 Thread 0x000001661a3b1bf0 flushing  nmethod 0x0000016603e94990
Event: 10.747 Thread 0x000001661a3b1bf0 flushing  nmethod 0x0000016603f0a410
Event: 10.747 Thread 0x000001661a3b1bf0 flushing  nmethod 0x0000016603ff9290
Event: 10.747 Thread 0x000001661a3b1bf0 flushing  nmethod 0x00000166040d7190
Event: 10.747 Thread 0x000001661a3b1bf0 flushing  nmethod 0x0000016604323990
Event: 10.747 Thread 0x000001661a3b1bf0 flushing  nmethod 0x000001660432ec90

Events (20 events):
Event: 0.285 Thread 0x000001661a4018f0 Thread added: 0x000001661a664570
Event: 0.285 Thread 0x000001661a4018f0 Thread added: 0x000001661a664c20
Event: 0.324 Loaded shared library D:\Android Studio\jbr\bin\zip.dll
Event: 0.410 Thread 0x000001661a664c20 Thread exited: 0x000001661a664c20
Event: 0.413 Thread 0x000001661a664570 Thread exited: 0x000001661a664570
Event: 0.471 Loaded shared library D:\Android Studio\jbr\bin\jimage.dll
Event: 1.108 Thread 0x000001661a441b00 Thread added: 0x000001661aa593c0
Event: 1.108 Thread 0x000001661a441b00 Thread added: 0x000001661aa59a70
Event: 1.305 Thread 0x000001661aa59a70 Thread exited: 0x000001661aa59a70
Event: 1.306 Thread 0x000001661aa593c0 Thread exited: 0x000001661aa593c0
Event: 4.306 Thread 0x000001661a441b00 Thread added: 0x000001661f730430
Event: 4.429 Thread 0x000001661f730430 Thread exited: 0x000001661f730430
Event: 4.535 Thread 0x000001661a441b00 Thread added: 0x000001661faa1a00
Event: 4.540 Thread 0x000001661faa1a00 Thread added: 0x000001661f72b180
Event: 5.264 Thread 0x000001661f72b180 Thread exited: 0x000001661f72b180
Event: 5.306 Thread 0x000001661faa1a00 Thread exited: 0x000001661faa1a00
Event: 5.726 Thread 0x000001661a4018f0 Thread added: 0x000001661fc07b00
Event: 5.726 Thread 0x000001661a4018f0 Thread added: 0x000001661fc05c20
Event: 9.806 Thread 0x000001661fc05c20 Thread exited: 0x000001661fc05c20
Event: 11.375 Thread 0x000001661a441b00 Thread added: 0x0000016622829440


Dynamic libraries:
0x00007ff7eb4f0000 - 0x00007ff7eb4fa000 	D:\Android Studio\jbr\bin\java.exe
0x00007ff8d15a0000 - 0x00007ff8d1808000 	C:\WINDOWS\SYSTEM32\ntdll.dll
0x00007ff8d0470000 - 0x00007ff8d0539000 	C:\WINDOWS\System32\KERNEL32.DLL
0x00007ff8ce6f0000 - 0x00007ff8ceae1000 	C:\WINDOWS\System32\KERNELBASE.dll
0x00007ff8ceaf0000 - 0x00007ff8cec3b000 	C:\WINDOWS\System32\ucrtbase.dll
0x00007ff8cb8a0000 - 0x00007ff8cb8bb000 	D:\Android Studio\jbr\bin\VCRUNTIME140.dll
0x00007ff8a9e70000 - 0x00007ff8a9e88000 	D:\Android Studio\jbr\bin\jli.dll
0x00007ff8cf340000 - 0x00007ff8cf506000 	C:\WINDOWS\System32\USER32.dll
0x00007ff8ae930000 - 0x00007ff8aebc3000 	C:\WINDOWS\WinSxS\amd64_microsoft.windows.common-controls_6595b64144ccf1df_6.0.26100.7824_none_3e0870b2e3345462\COMCTL32.dll
0x00007ff8cec40000 - 0x00007ff8cec67000 	C:\WINDOWS\System32\win32u.dll
0x00007ff8d03c0000 - 0x00007ff8d0469000 	C:\WINDOWS\System32\msvcrt.dll
0x00007ff8d0ce0000 - 0x00007ff8d0d0b000 	C:\WINDOWS\System32\GDI32.dll
0x00007ff8cf010000 - 0x00007ff8cf13b000 	C:\WINDOWS\System32\gdi32full.dll
0x00007ff8cf290000 - 0x00007ff8cf333000 	C:\WINDOWS\System32\msvcp_win.dll
0x00007ff8d0300000 - 0x00007ff8d0331000 	C:\WINDOWS\System32\IMM32.DLL
0x00007ff8cb890000 - 0x00007ff8cb89c000 	D:\Android Studio\jbr\bin\vcruntime140_1.dll
0x00007ff898cc0000 - 0x00007ff898d4d000 	D:\Android Studio\jbr\bin\msvcp140.dll
0x00007ff851840000 - 0x00007ff8524d6000 	D:\Android Studio\jbr\bin\server\jvm.dll
0x00007ff8cfea0000 - 0x00007ff8cff54000 	C:\WINDOWS\System32\ADVAPI32.dll
0x00007ff8d08e0000 - 0x00007ff8d0986000 	C:\WINDOWS\System32\sechost.dll
0x00007ff8d1440000 - 0x00007ff8d1558000 	C:\WINDOWS\System32\RPCRT4.dll
0x00007ff8d0d10000 - 0x00007ff8d0d84000 	C:\WINDOWS\System32\WS2_32.dll
0x00007ff8cdce0000 - 0x00007ff8cdd3e000 	C:\WINDOWS\SYSTEM32\POWRPROF.dll
0x00007ff8c21d0000 - 0x00007ff8c2205000 	C:\WINDOWS\SYSTEM32\WINMM.dll
0x00007ff8c7610000 - 0x00007ff8c761b000 	C:\WINDOWS\SYSTEM32\VERSION.dll
0x00007ff8cdcc0000 - 0x00007ff8cdcd4000 	C:\WINDOWS\SYSTEM32\UMPDC.dll
0x00007ff8ccc20000 - 0x00007ff8ccc3b000 	C:\WINDOWS\SYSTEM32\kernel.appcore.dll
0x00007ff8cb860000 - 0x00007ff8cb86a000 	D:\Android Studio\jbr\bin\jimage.dll
0x00007ff8b7b30000 - 0x00007ff8b7d72000 	C:\WINDOWS\SYSTEM32\DBGHELP.DLL
0x00007ff8d0540000 - 0x00007ff8d08c6000 	C:\WINDOWS\System32\combase.dll
0x00007ff8cfdb0000 - 0x00007ff8cfe87000 	C:\WINDOWS\System32\OLEAUT32.dll
0x00007ff8adb00000 - 0x00007ff8adb3b000 	C:\WINDOWS\SYSTEM32\dbgcore.DLL
0x00007ff8cedf0000 - 0x00007ff8cee95000 	C:\WINDOWS\System32\bcryptPrimitives.dll
0x00007ff8c7020000 - 0x00007ff8c7040000 	D:\Android Studio\jbr\bin\java.dll
0x00007ff8c6ce0000 - 0x00007ff8c6cf8000 	D:\Android Studio\jbr\bin\zip.dll
0x00007ff8cf5a0000 - 0x00007ff8cfcf2000 	C:\WINDOWS\System32\SHELL32.dll
0x00007ff8ceea0000 - 0x00007ff8cf00a000 	C:\WINDOWS\System32\wintypes.dll
0x00007ff8cde80000 - 0x00007ff8ce6e3000 	C:\WINDOWS\System32\windows.storage.dll
0x00007ff8d00d0000 - 0x00007ff8d01c6000 	C:\WINDOWS\System32\SHCORE.dll
0x00007ff8d0340000 - 0x00007ff8d03a7000 	C:\WINDOWS\System32\shlwapi.dll
0x00007ff8cdda0000 - 0x00007ff8cddc9000 	C:\WINDOWS\SYSTEM32\profapi.dll
0x00007ff8c7010000 - 0x00007ff8c7020000 	D:\Android Studio\jbr\bin\net.dll
0x00007ff8c72b0000 - 0x00007ff8c73d7000 	C:\WINDOWS\SYSTEM32\WINHTTP.dll
0x00007ff8cd190000 - 0x00007ff8cd1fb000 	C:\WINDOWS\system32\mswsock.dll
0x00007ff8ac2f0000 - 0x00007ff8ac306000 	D:\Android Studio\jbr\bin\nio.dll
0x00007ff8b2d00000 - 0x00007ff8b2d10000 	D:\Android Studio\jbr\bin\verify.dll

JVMTI agents: none

dbghelp: loaded successfully - version: 4.0.5 - missing functions: none
symbol engine: initialized successfully - sym options: 0x614 - pdb path: .;D:\Android Studio\jbr\bin;C:\WINDOWS\SYSTEM32;C:\WINDOWS\WinSxS\amd64_microsoft.windows.common-controls_6595b64144ccf1df_6.0.26100.7824_none_3e0870b2e3345462;D:\Android Studio\jbr\bin\server

VM Arguments:
java_command: org.jetbrains.kotlin.cli.jvm.K2JVMCompiler @D:\CupsizePlayer\app\build\20260228_15314314262767925045.compiler.options
java_class_path (initial): D:\Android\caches\modules-2\files-2.1\org.jetbrains.kotlin\kotlin-compiler-embeddable\2.0.21\79346ed53db48b18312a472602eb5c057070c54d\kotlin-compiler-embeddable-2.0.21.jar;D:\Android\caches\modules-2\files-2.1\org.jetbrains.kotlin\kotlin-stdlib\2.0.21\618b539767b4899b4660a83006e052b63f1db551\kotlin-stdlib-2.0.21.jar;D:\Android\caches\modules-2\files-2.1\org.jetbrains.kotlin\kotlin-script-runtime\2.0.21\c9b044380ad41f89aa89aa896c2d32a8c0b2129d\kotlin-script-runtime-2.0.21.jar;D:\Android\caches\modules-2\files-2.1\org.jetbrains.kotlin\kotlin-reflect\1.6.10\1cbe9c92c12a94eea200d23c2bbaedaf3daf5132\kotlin-reflect-1.6.10.jar;D:\Android\caches\modules-2\files-2.1\org.jetbrains.kotlin\kotlin-daemon-embeddable\2.0.21\c9e933b23287de9b5a17e2116b4657bb91aea72c\kotlin-daemon-embeddable-2.0.21.jar;D:\Android\caches\modules-2\files-2.1\org.jetbrains.intellij.deps\trove4j\1.0.20200330\3afb14d5f9ceb459d724e907a21145e8ff394f02\trove4j-1.0.20200330.jar;D:\Android\caches\modules-2\files-2.1\org.jetbrains.kotlinx\kotlinx-coroutines-core-jvm\1.6.4\2c997cd1c0ef33f3e751d3831929aeff1390cb30\kotlinx-coroutines-core-jvm-1.6.4.jar;D:\Android\caches\modules-2\files-2.1\org.jetbrains\annotations\13.0\919f0dfe192fb4e063e7dacadee7f8bb9a2672a9\annotations-13.0.jar
Launcher Type: SUN_STANDARD

[Global flags]
     intx CICompilerCount                          = 4                                         {product} {ergonomic}
     uint ConcGCThreads                            = 3                                         {product} {ergonomic}
     uint G1ConcRefinementThreads                  = 10                                        {product} {ergonomic}
   size_t G1HeapRegionSize                         = 2097152                                   {product} {ergonomic}
    uintx GCDrainStackTargetSize                   = 64                                        {product} {ergonomic}
   size_t InitialHeapSize                          = 268435456                                 {product} {ergonomic}
   size_t MarkStackSize                            = 4194304                                   {product} {ergonomic}
   size_t MaxHeapSize                              = 4276092928                                {product} {ergonomic}
   size_t MaxNewSize                               = 2564816896                                {product} {ergonomic}
   size_t MinHeapDeltaBytes                        = 2097152                                   {product} {ergonomic}
   size_t MinHeapSize                              = 8388608                                   {product} {ergonomic}
    uintx NonNMethodCodeHeapSize                   = 5839372                                {pd product} {ergonomic}
    uintx NonProfiledCodeHeapSize                  = 122909434                              {pd product} {ergonomic}
    uintx ProfiledCodeHeapSize                     = 122909434                              {pd product} {ergonomic}
    uintx ReservedCodeCacheSize                    = 251658240                              {pd product} {ergonomic}
     bool SegmentedCodeCache                       = true                                      {product} {ergonomic}
   size_t SoftMaxHeapSize                          = 4276092928                             {manageable} {ergonomic}
     bool UseCompressedOops                        = true                           {product lp64_product} {ergonomic}
     bool UseG1GC                                  = true                                      {product} {ergonomic}
     bool UseLargePagesIndividualAllocation        = false                                  {pd product} {ergonomic}

Logging:
Log output configuration:
 #0: stdout all=warning uptime,level,tags foldmultilines=false
 #1: stderr all=off uptime,level,tags foldmultilines=false

Environment Variables:
PATH=C:\Program Files (x86)\Common Files\Oracle\Java\javapath;C:\WINDOWS\system32;C:\WINDOWS;C:\WINDOWS\System32\Wbem;C:\WINDOWS\System32\WindowsPowerShell\v1.0\;C:\WINDOWS\System32\OpenSSH\;C:\Program Files\NVIDIA Corporation\NVIDIA App\NvDLISR;C:\Users\morze\AppData\Local\Microsoft\WindowsApps;C:\Users\morze\AppData\Local\Python\bin
USERNAME=morze
OS=Windows_NT
PROCESSOR_IDENTIFIER=AMD64 Family 23 Model 113 Stepping 0, AuthenticAMD
TMP=C:\Users\morze\AppData\Local\Temp
TEMP=C:\Users\morze\AppData\Local\Temp




Periodic native trim disabled

JNI global refs:
JNI global refs: 15, weak refs: 1

JNI global refs memory usage: 835, weak refs: 833

Process memory usage:
Resident Set Size: 415336K (2% of 16698692K total physical memory with 1724720K free physical memory)

OOME stack traces (most recent first):
Classloader memory used:
Loader jdk.internal.loader.ClassLoaders$AppClassLoader                                 : 50973K
Loader bootstrap                                                                       : 11067K
Loader java.net.URLClassLoader                                                         : 261K

---------------  S Y S T E M  ---------------

OS:
 Windows 11 , 64 bit Build 26100 (10.0.26100.7705)
OS uptime: 0 days 2:40 hours

CPU: total 12 (initial active 12) (12 cores per cpu, 2 threads per core) family 23 model 113 stepping 0 microcode 0x8701035, cx8, cmov, fxsr, ht, mmx, 3dnowpref, sse, sse2, sse3, ssse3, sse4a, sse4.1, sse4.2, popcnt, lzcnt, tsc, tscinvbit, avx, avx2, aes, clmul, bmi1, bmi2, adx, sha, fma, vzeroupper, clflush, clflushopt, rdtscp, rdpid, f16c
Processor Information for the first 12 processors :
  Max Mhz: 3600, Current Mhz: 3600, Mhz Limit: 3600

Memory: 4k page, system-wide physical 16307M (1684M free)
TotalPageFile size 30614M (AvailPageFile size 138M)
current process WorkingSet (physical memory assigned to process): 405M, peak: 416M
current process commit charge ("private bytes"): 418M, peak: 501M

vm_info: OpenJDK 64-Bit Server VM (21.0.8+-14196175-b1038.72) for windows-amd64 JRE (21.0.8+-14196175-b1038.72), built on 2025-10-01T10:24:33Z by "builder" with MS VC++ 16.10 / 16.11 (VS2019)

END.
